<?xml version="1.0" encoding="UTF-8"?>
<!-- Generated by org.testng.reporters.JUnitXMLReporter -->
<testsuite ignored="0" hostname="EricsLaptop" failures="0" tests="1" name="Test" time="0.048" errors="0" timestamp="2024-02-26T23:00:21 CST">
  <testcase classname="testBase.BaseClass" name="@BeforeClass setup" time="0.009">
    <failure type="java.io.FileNotFoundException" message=".\src\test\resourcesconfig.properties (The system cannot find the file specified)">
      <![CDATA[java.io.FileNotFoundException: .\src\test\resourcesconfig.properties (The system cannot find the file specified)
at java.base/java.io.FileInputStream.open0(Native Method)
at java.base/java.io.FileInputStream.open(FileInputStream.java:216)
at java.base/java.io.FileInputStream.<init>(FileInputStream.java:157)
at java.base/java.io.FileInputStream.<init>(FileInputStream.java:111)
at java.base/java.io.FileReader.<init>(FileReader.java:60)
at testBase.BaseClass.setup(BaseClass.java:35)
at java.base/java.util.ArrayList.forEach(ArrayList.java:1511)
... Removed 25 stack frames]]>
    </failure>
  </testcase> <!-- @BeforeClass setup -->
  <testcase classname="testBase.BaseClass" name="@AfterClass tearDown" time="0.0">
    <skipped/>
  </testcase> <!-- @AfterClass tearDown -->
  <testcase classname="testCases.TC_001_AcctRegistrationTest" name="verifyRegistration" time="0.0">
    <skipped/>
  </testcase> <!-- verifyRegistration -->
</testsuite> <!-- Test -->
